<?xml version="1.0" encoding="UTF-8"?>
<testng-results ignored="0" total="1" passed="1" failed="0" skipped="0">
  <reporter-output>
  </reporter-output>
  <suite started-at="2023-07-01T19:19:09 IST" name="Default suite" finished-at="2023-07-01T19:20:31 IST" duration-ms="81736">
    <groups>
    </groups>
    <test started-at="2023-07-01T19:19:09 IST" name="Default test" finished-at="2023-07-01T19:20:31 IST" duration-ms="81736">
      <class name="testCase.TC_07">
        <test-method is-config="true" signature="launchingBrowser()[pri:0, instance:testCase.TC_07@6283d8b8]" started-at="2023-07-01T19:19:09 IST" name="launchingBrowser" finished-at="2023-07-01T19:19:36 IST" duration-ms="26682" status="PASS">
          <reporter-output>
          </reporter-output>
        </test-method> <!-- launchingBrowser -->
        <test-method is-config="true" signature="navigationToApplication()[pri:0, instance:testCase.TC_07@6283d8b8]" started-at="2023-07-01T19:19:36 IST" name="navigationToApplication" finished-at="2023-07-01T19:19:59 IST" duration-ms="22655" status="PASS">
          <reporter-output>
          </reporter-output>
        </test-method> <!-- navigationToApplication -->
        <test-method signature="ceateEvenetTestcase()[pri:0, instance:testCase.TC_07@6283d8b8]" started-at="2023-07-01T19:19:59 IST" name="ceateEvenetTestcase" finished-at="2023-07-01T19:20:22 IST" duration-ms="23179" status="PASS">
          <reporter-output>
          </reporter-output>
        </test-method> <!-- ceateEvenetTestcase -->
        <test-method is-config="true" signature="loggingOut(org.testng.ITestResult)[pri:0, instance:testCase.TC_07@6283d8b8]" started-at="2023-07-01T19:20:22 IST" name="loggingOut" finished-at="2023-07-01T19:20:22 IST" duration-ms="3" status="PASS">
          <params>
            <param index="0">
              <value>
                <![CDATA[[TestResult name=ceateEvenetTestcase status=SUCCESS method=TC_07.ceateEvenetTestcase()[pri:0, instance:testCase.TC_07@6283d8b8] output={null}]]]>
              </value>
            </param>
          </params>
          <reporter-output>
          </reporter-output>
        </test-method> <!-- loggingOut -->
        <test-method is-config="true" signature="tearDownBrowser()[pri:0, instance:testCase.TC_07@6283d8b8]" started-at="2023-07-01T19:20:22 IST" name="tearDownBrowser" finished-at="2023-07-01T19:20:31 IST" duration-ms="8777" status="PASS">
          <reporter-output>
          </reporter-output>
        </test-method> <!-- tearDownBrowser -->
      </class> <!-- testCase.TC_07 -->
    </test> <!-- Default test -->
  </suite> <!-- Default suite -->
</testng-results>
